Build started 2015-12-15 23:13:50.
     1>Project "D:\OpenGL\Pacman\Pacman.vcxproj" on node 2 (Build target(s)).
     1>ClCompile:
         C:\Program Files (x86)\Microsoft Visual Studio 11.0\VC\bin\CL.exe /c /ID:\OpenGL\Pacman /ZI /nologo /W3 /WX- /Od /Oy- /D WIN32 /D _DEBUG /D _CONSOLE /D _UNICODE /D UNICODE /Gm /EHsc /RTC1 /MDd /GS /fp:precise /Zc:wchar_t /Zc:forScope /Fo"Debug\\" /Fd"Debug\vc110.pdb" /Gd /TP /analyze- /errorReport:prompt ghost.cpp ghost_red.cpp main.cpp
         ghost.cpp
     1>d:\opengl\pacman\ghost.cpp(219): warning C4018: '<' : signed/unsigned mismatch
         Generating Code...
     1>d:\opengl\pacman\ghost.cpp(138): warning C4715: 'Ghost::WallCheck' : not all control paths return a value
     1>cl : Command line warning D9028: minimal rebuild failure, reverting to normal build
         Compiling...
         ghost_red.cpp
         main.cpp
     1>d:\opengl\pacman\main.cpp(119): warning C4996: 'sprintf': This function or variable may be unsafe. Consider using sprintf_s instead. To disable deprecation, use _CRT_SECURE_NO_WARNINGS. See online help for details.
                 c:\program files (x86)\microsoft visual studio 11.0\vc\include\stdio.h(357) : see declaration of 'sprintf'
     1>d:\opengl\pacman\main.cpp(120): warning C4996: 'sprintf': This function or variable may be unsafe. Consider using sprintf_s instead. To disable deprecation, use _CRT_SECURE_NO_WARNINGS. See online help for details.
                 c:\program files (x86)\microsoft visual studio 11.0\vc\include\stdio.h(357) : see declaration of 'sprintf'
         Generating Code...
       Link:
         C:\Program Files (x86)\Microsoft Visual Studio 11.0\VC\bin\link.exe /ERRORREPORT:PROMPT /OUT:"D:\OpenGL\Pacman\Debug\Pacman.exe" /INCREMENTAL /NOLOGO kernel32.lib user32.lib gdi32.lib winspool.lib comdlg32.lib advapi32.lib shell32.lib ole32.lib oleaut32.lib uuid.lib odbc32.lib odbccp32.lib /MANIFEST /MANIFESTUAC:"level='asInvoker' uiAccess='false'" /manifest:embed /DEBUG /PDB:"D:\OpenGL\Pacman\Debug\Pacman.pdb" /SUBSYSTEM:CONSOLE /TLBID:1 /DYNAMICBASE /NXCOMPAT /IMPLIB:"D:\OpenGL\Pacman\Debug\Pacman.lib" /MACHINE:X86 Debug\Pacman.res
         Debug\creature.obj
         Debug\gameboard.obj
         Debug\ghost.obj
         Debug\ghost_red.obj
         Debug\main.obj
         Debug\pac.obj
         GLUT32.LIB
         Pacman.vcxproj -> D:\OpenGL\Pacman\Debug\Pacman.exe
     1>Done Building Project "D:\OpenGL\Pacman\Pacman.vcxproj" (Build target(s)).

Build succeeded.

Time Elapsed 00:00:04.43
