D:\OPENGL\PACMAN\DEBUG\CREATURE.OBJ
D:\OPENGL\PACMAN\DEBUG\GAMEBOARD.OBJ
D:\OPENGL\PACMAN\DEBUG\GHOST.OBJ
D:\OPENGL\PACMAN\DEBUG\GHOST_RED.OBJ
D:\OPENGL\PACMAN\DEBUG\MAIN.OBJ
D:\OPENGL\PACMAN\DEBUG\PAC.OBJ
D:\OPENGL\PACMAN\DEBUG\VC110.PDB
D:\OPENGL\PACMAN\DEBUG\PACMAN.RES
D:\OpenGL\Pacman\Debug\creature.obj
D:\OpenGL\Pacman\Debug\gameboard.obj
D:\OpenGL\Pacman\Debug\ghost.obj
D:\OpenGL\Pacman\Debug\ghost_red.obj
D:\OpenGL\Pacman\Debug\main.obj
D:\OpenGL\Pacman\Debug\pac.obj
D:\OpenGL\Pacman\Debug\cl.command.1.tlog
D:\OpenGL\Pacman\Debug\CL.read.1.tlog
D:\OpenGL\Pacman\Debug\CL.write.1.tlog
D:\OpenGL\Pacman\Debug\link-cvtres.read.1.tlog
D:\OpenGL\Pacman\Debug\link-cvtres.write.1.tlog
D:\OpenGL\Pacman\Debug\link-rc.read.1.tlog
D:\OpenGL\Pacman\Debug\link-rc.write.1.tlog
D:\OpenGL\Pacman\Debug\link.1128-cvtres.read.1.tlog
D:\OpenGL\Pacman\Debug\link.1128-cvtres.write.1.tlog
D:\OpenGL\Pacman\Debug\link.1128-rc.read.1.tlog
D:\OpenGL\Pacman\Debug\link.1128-rc.write.1.tlog
D:\OpenGL\Pacman\Debug\link.1128.read.1.tlog
D:\OpenGL\Pacman\Debug\link.1128.write.1.tlog
D:\OpenGL\Pacman\Debug\link.2752-cvtres.read.1.tlog
D:\OpenGL\Pacman\Debug\link.2752-cvtres.write.1.tlog
D:\OpenGL\Pacman\Debug\link.2752-rc.read.1.tlog
D:\OpenGL\Pacman\Debug\link.2752-rc.write.1.tlog
D:\OpenGL\Pacman\Debug\link.2752.read.1.tlog
D:\OpenGL\Pacman\Debug\link.2752.write.1.tlog
D:\OpenGL\Pacman\Debug\link.3164-cvtres.read.1.tlog
D:\OpenGL\Pacman\Debug\link.3164-cvtres.write.1.tlog
D:\OpenGL\Pacman\Debug\link.3164-rc.read.1.tlog
D:\OpenGL\Pacman\Debug\link.3164-rc.write.1.tlog
D:\OpenGL\Pacman\Debug\link.3164.read.1.tlog
D:\OpenGL\Pacman\Debug\link.3164.write.1.tlog
D:\OpenGL\Pacman\Debug\link.3544-cvtres.read.1.tlog
D:\OpenGL\Pacman\Debug\link.3544-cvtres.write.1.tlog
D:\OpenGL\Pacman\Debug\link.3544-rc.read.1.tlog
D:\OpenGL\Pacman\Debug\link.3544-rc.write.1.tlog
D:\OpenGL\Pacman\Debug\link.3544.read.1.tlog
D:\OpenGL\Pacman\Debug\link.3544.write.1.tlog
D:\OpenGL\Pacman\Debug\link.3924-cvtres.read.1.tlog
D:\OpenGL\Pacman\Debug\link.3924-cvtres.write.1.tlog
D:\OpenGL\Pacman\Debug\link.3924-rc.read.1.tlog
D:\OpenGL\Pacman\Debug\link.3924-rc.write.1.tlog
D:\OpenGL\Pacman\Debug\link.3924.read.1.tlog
D:\OpenGL\Pacman\Debug\link.3924.write.1.tlog
D:\OpenGL\Pacman\Debug\link.4272-cvtres.read.1.tlog
D:\OpenGL\Pacman\Debug\link.4272-cvtres.write.1.tlog
D:\OpenGL\Pacman\Debug\link.4272-rc.read.1.tlog
D:\OpenGL\Pacman\Debug\link.4272-rc.write.1.tlog
D:\OpenGL\Pacman\Debug\link.4272.read.1.tlog
D:\OpenGL\Pacman\Debug\link.4272.write.1.tlog
D:\OpenGL\Pacman\Debug\link.4660-cvtres.read.1.tlog
D:\OpenGL\Pacman\Debug\link.4660-cvtres.write.1.tlog
D:\OpenGL\Pacman\Debug\link.4660-rc.read.1.tlog
D:\OpenGL\Pacman\Debug\link.4660-rc.write.1.tlog
D:\OpenGL\Pacman\Debug\link.4660.read.1.tlog
D:\OpenGL\Pacman\Debug\link.4660.write.1.tlog
D:\OpenGL\Pacman\Debug\link.5116-cvtres.read.1.tlog
D:\OpenGL\Pacman\Debug\link.5116-cvtres.write.1.tlog
D:\OpenGL\Pacman\Debug\link.5116-rc.read.1.tlog
D:\OpenGL\Pacman\Debug\link.5116-rc.write.1.tlog
D:\OpenGL\Pacman\Debug\link.5116.read.1.tlog
D:\OpenGL\Pacman\Debug\link.5116.write.1.tlog
D:\OpenGL\Pacman\Debug\link.5660-cvtres.read.1.tlog
D:\OpenGL\Pacman\Debug\link.5660-cvtres.write.1.tlog
D:\OpenGL\Pacman\Debug\link.5660-rc.read.1.tlog
D:\OpenGL\Pacman\Debug\link.5660-rc.write.1.tlog
D:\OpenGL\Pacman\Debug\link.5660.read.1.tlog
D:\OpenGL\Pacman\Debug\link.5660.write.1.tlog
D:\OpenGL\Pacman\Debug\link.5828-cvtres.read.1.tlog
D:\OpenGL\Pacman\Debug\link.5828-cvtres.write.1.tlog
D:\OpenGL\Pacman\Debug\link.5828-rc.read.1.tlog
D:\OpenGL\Pacman\Debug\link.5828-rc.write.1.tlog
D:\OpenGL\Pacman\Debug\link.5828.read.1.tlog
D:\OpenGL\Pacman\Debug\link.5828.write.1.tlog
D:\OpenGL\Pacman\Debug\link.5948.read.1.tlog
D:\OpenGL\Pacman\Debug\link.5948.write.1.tlog
D:\OpenGL\Pacman\Debug\link.644-cvtres.read.1.tlog
D:\OpenGL\Pacman\Debug\link.644-cvtres.write.1.tlog
D:\OpenGL\Pacman\Debug\link.644-rc.read.1.tlog
D:\OpenGL\Pacman\Debug\link.644-rc.write.1.tlog
D:\OpenGL\Pacman\Debug\link.644.read.1.tlog
D:\OpenGL\Pacman\Debug\link.644.write.1.tlog
D:\OpenGL\Pacman\Debug\link.8012-cvtres.read.1.tlog
D:\OpenGL\Pacman\Debug\link.8012-cvtres.write.1.tlog
D:\OpenGL\Pacman\Debug\link.8012-rc.read.1.tlog
D:\OpenGL\Pacman\Debug\link.8012-rc.write.1.tlog
D:\OpenGL\Pacman\Debug\link.8012.read.1.tlog
D:\OpenGL\Pacman\Debug\link.8012.write.1.tlog
D:\OpenGL\Pacman\Debug\link.888-cvtres.read.1.tlog
D:\OpenGL\Pacman\Debug\link.888-cvtres.write.1.tlog
D:\OpenGL\Pacman\Debug\link.888-rc.read.1.tlog
D:\OpenGL\Pacman\Debug\link.888-rc.write.1.tlog
D:\OpenGL\Pacman\Debug\link.888.read.1.tlog
D:\OpenGL\Pacman\Debug\link.888.write.1.tlog
D:\OpenGL\Pacman\Debug\link.command.1.tlog
D:\OpenGL\Pacman\Debug\link.read.1.tlog
D:\OpenGL\Pacman\Debug\link.write.1.tlog
D:\OpenGL\Pacman\Debug\rc.command.1.tlog
D:\OpenGL\Pacman\Debug\rc.read.1.tlog
D:\OpenGL\Pacman\Debug\rc.write.1.tlog
D:\OpenGL\Pacman\Debug\Pacman.res
D:\OpenGL\Pacman\Debug\vc110.idb
D:\OpenGL\Pacman\Debug\Pacman.pdb
D:\OpenGL\Pacman\Debug\vc110.pdb
