D:\OPENGL\PACMAN\RELEASE\PAC.OBJ
D:\OPENGL\PACMAN\RELEASE\MAIN.OBJ
D:\OPENGL\PACMAN\RELEASE\GHOST_RED.OBJ
D:\OPENGL\PACMAN\RELEASE\GHOST.OBJ
D:\OPENGL\PACMAN\RELEASE\GAMEBOARD.OBJ
D:\OPENGL\PACMAN\RELEASE\CREATURE.OBJ
D:\OPENGL\PACMAN\RELEASE\VC110.PDB
D:\OPENGL\PACMAN\RELEASE\PACMAN.EXE
D:\OPENGL\PACMAN\RELEASE\PACMAN.PDB
D:\OPENGL\PACMAN\RELEASE\PACMAN.RES
D:\OpenGL\Pacman\Release\creature.obj
D:\OpenGL\Pacman\Release\gameboard.obj
D:\OpenGL\Pacman\Release\ghost.obj
D:\OpenGL\Pacman\Release\ghost_red.obj
D:\OpenGL\Pacman\Release\main.obj
D:\OpenGL\Pacman\Release\pac.obj
D:\OpenGL\Pacman\Release\cl.command.1.tlog
D:\OpenGL\Pacman\Release\CL.read.1.tlog
D:\OpenGL\Pacman\Release\CL.write.1.tlog
D:\OpenGL\Pacman\Release\link-cvtres.read.1.tlog
D:\OpenGL\Pacman\Release\link-cvtres.write.1.tlog
D:\OpenGL\Pacman\Release\link-rc.read.1.tlog
D:\OpenGL\Pacman\Release\link-rc.write.1.tlog
D:\OpenGL\Pacman\Release\link.command.1.tlog
D:\OpenGL\Pacman\Release\link.read.1.tlog
D:\OpenGL\Pacman\Release\link.read.3.tlog
D:\OpenGL\Pacman\Release\link.write.1.tlog
D:\OpenGL\Pacman\Release\rc.command.1.tlog
D:\OpenGL\Pacman\Release\rc.read.1.tlog
D:\OpenGL\Pacman\Release\rc.write.1.tlog
D:\OpenGL\Pacman\Release\Pacman.res
D:\OpenGL\Pacman\Release\Pacman.pdb
D:\OpenGL\Pacman\Release\vc110.pdb
D:\OpenGL\Pacman\Release\Pacman.exe
